2026-04-02 17:58:48,486 [INFO] ================================================================================
2026-04-02 17:58:48,486 [INFO] DEMARRAGE DU SCRAPING GOOGLE MAPS
2026-04-02 17:58:48,486 [INFO] Niches: Experts-comptables, Restaurant asiatique, Serrurier, Plombier, Electricien, Agent immobilier, CGP, Marchand de biens, IAD
2026-04-02 17:58:48,486 [INFO] Mode: VISIBLE
2026-04-02 17:58:48,486 [INFO] ================================================================================
2026-04-02 17:58:48,486 [INFO] Client Supabase initialise
2026-04-02 17:58:48,486 [INFO]   Brevo OK pour Experts-comptables -> listes [5] (BREVO_DEVELLY_API_KEY)
2026-04-02 17:58:48,486 [INFO]   Brevo OK pour Restaurant asiatique -> listes [6] (BREVO_DEVELLY_API_KEY)
2026-04-02 17:58:48,486 [INFO]   Brevo OK pour Serrurier -> listes [16] (BREVO_DEVELLY_API_KEY)
2026-04-02 17:58:48,486 [INFO]   Brevo OK pour Plombier -> listes [15] (BREVO_DEVELLY_API_KEY)
2026-04-02 17:58:48,486 [INFO]   Brevo OK pour Electricien -> listes [14] (BREVO_DEVELLY_API_KEY)
2026-04-02 17:58:48,486 [INFO]   Brevo OK pour Agent immobilier -> listes [4] (BREVO_OPTI_HABITAT_API_KEY)
2026-04-02 17:58:48,486 [INFO]   Brevo OK pour CGP -> listes [8] (BREVO_OPTI_HABITAT_API_KEY)
2026-04-02 17:58:48,486 [INFO]   Brevo OK pour Marchand de biens -> listes [10] (BREVO_OPTI_HABITAT_API_KEY)
2026-04-02 17:58:48,486 [INFO]   Brevo OK pour IAD -> listes [4] (BREVO_OPTI_HABITAT_API_KEY)
2026-04-02 17:58:48,486 [INFO] Supabase client initialized
2026-04-02 17:58:48,490 [INFO] 
================================================================================
2026-04-02 17:58:48,490 [INFO] NICHE: Experts-comptables (query: Experts-comptables)
2026-04-02 17:58:48,490 [INFO] Departements restants: 14
2026-04-02 17:58:48,490 [INFO] ================================================================================
2026-04-02 17:58:48,490 [INFO] 
--- Departement 82 / Experts-comptables ---
2026-04-02 17:58:48,717 [INFO]   6 villes trouvees
2026-04-02 17:58:48,717 [INFO]   [Castelsarrasin] Scraping...
2026-04-02 17:58:48,717 [INFO]   URL: https://www.google.com/maps/search/Experts-comptables+Castelsarrasin
2026-04-02 17:58:48,717 [INFO]   Initialisation du navigateur...
2026-04-02 17:58:49,816 [INFO]   Chargement de Google Maps...
2026-04-02 17:58:51,647 [INFO]   Scroll pour charger toutes les cards...
2026-04-02 17:58:57,138 [INFO]   Fin de liste apres 6 scrolls (5 cards)
2026-04-02 17:58:57,203 [INFO]   5 cards trouvees
2026-04-02 17:59:00,824 [INFO]   [1/5] FIDUCIE CONSULTANTS Expert-comptable Castelsarrasin
2026-04-02 17:59:00,824 [INFO]     Tel: 05 63 32 66 66 | Site: https://www.fiducie.fr/
2026-04-02 17:59:00,825 [INFO]     Adresse: 8 Pl. Lamothe Cadillac, 82100 Castelsarrasin
2026-04-02 17:59:00,825 [INFO]     Note: 5.0/5 (74 avis)
2026-04-02 17:59:00,970 [INFO]     Lead deja existant (doublon Supabase): FIDUCIE CONSULTANTS Expert-comptable Castelsarrasin
2026-04-02 17:59:02,432 [INFO]     Email: contact@fiducie.fr | Socials: facebookUrl, linkedinUrl
2026-04-02 17:59:06,715 [WARNING]     Failed to update enrichment: 409 Client Error: Conflict for url: https://mtvalzmtksnylhckrjze.supabase.co/rest/v1/leads?phone=eq.05%2063%2032%2066%2066
2026-04-02 17:59:10,104 [INFO]   [2/5] Sodecal Expert-comptable Castelsarrasin
2026-04-02 17:59:10,104 [INFO]     Tel: 05 63 95 03 60 | Site: http://www.sodecal.fr/
2026-04-02 17:59:10,104 [INFO]     Adresse: 13 Rue du Soleil, 82100 Castelsarrasin
2026-04-02 17:59:10,105 [INFO]     Note: 5.0/5 (4 avis)
2026-04-02 17:59:10,265 [INFO]     Lead deja existant (doublon Supabase): Sodecal Expert-comptable Castelsarrasin
2026-04-02 17:59:12,538 [INFO]     Email: contact@sodecal.fr | Socials: facebookUrl, xUrl, linkedinUrl
2026-04-02 17:59:15,790 [INFO]   [3/5] SOFIGECO
2026-04-02 17:59:15,791 [INFO]     Tel: 05 63 32 33 29 | Site: -
2026-04-02 17:59:15,791 [INFO]     Adresse: 36 Ter Av. du Maréchal Leclerc, 82100 Castelsarrasin
2026-04-02 17:59:15,791 [INFO]     Note: 5.0/5 (1 avis)
2026-04-02 17:59:15,989 [INFO]     Lead deja existant (doublon Supabase): SOFIGECO
2026-04-02 17:59:15,990 [INFO]     Email: - (pas de site web)
2026-04-02 17:59:20,018 [INFO]   [4/5] Fourment Michel
2026-04-02 17:59:20,018 [INFO]     Tel: 05 63 32 76 76 | Site: -
2026-04-02 17:59:20,018 [INFO]     Adresse: 21 Bd Louis Sicre, 82100 Castelsarrasin
2026-04-02 17:59:20,018 [INFO]     Note: 5.0/5 (4 avis)
2026-04-02 17:59:20,192 [INFO]     Lead deja existant (doublon Supabase): Fourment Michel
2026-04-02 17:59:20,193 [INFO]     Email: - (pas de site web)
2026-04-02 17:59:25,211 [INFO]   [5/5] CFR Audit Conseil
2026-04-02 17:59:25,211 [INFO]     Tel: 05 63 32 66 66 | Site: -
2026-04-02 17:59:25,211 [INFO]     Adresse: 8 Pl. Lamothe Cadillac, 82100 Castelsarrasin
2026-04-02 17:59:25,211 [INFO]     Note: -
2026-04-02 17:59:25,322 [INFO]     Lead deja existant (doublon Supabase): CFR Audit Conseil
2026-04-02 17:59:25,323 [INFO]     Email: - (pas de site web)
2026-04-02 17:59:26,020 [INFO]   RESULTAT: 5/5 leads extraits pour Castelsarrasin
2026-04-02 17:59:28,025 [INFO]   [Valence] Scraping...
2026-04-02 17:59:28,025 [INFO]   URL: https://www.google.com/maps/search/Experts-comptables+Valence
2026-04-02 17:59:28,025 [INFO]   Chargement de Google Maps...
2026-04-02 17:59:54,941 [INFO]   Scroll pour charger toutes les cards...
2026-04-02 18:00:07,424 [INFO]   Fin de liste apres 21 scrolls (57 cards)
2026-04-02 18:00:07,439 [INFO]   57 cards trouvees
2026-04-02 18:00:10,304 [INFO]   [1/57] AdQuo Valence Drôme Ardèche - Cabinet Expert Comptable et Commissaire aux Comptes
2026-04-02 18:00:10,304 [INFO]     Tel: 04 28 70 85 71 | Site: http://www.adquo.fr/
2026-04-02 18:00:10,304 [INFO]     Adresse: 58 Av. de Romans, 26000 Valence
2026-04-02 18:00:10,304 [INFO]     Note: 5.0/5 (14 avis)
2026-04-02 18:00:11,293 [INFO]     Lead deja existant (doublon Supabase): AdQuo Valence Drôme Ardèche - Cabinet Expert Comptable et Commissaire aux Comptes
2026-04-02 18:00:11,490 [INFO]     Email: contact@adquo.fr | Socials: facebookUrl, linkedinUrl
2026-04-02 18:00:15,287 [INFO]   [2/57] Eurex Expert Comptable Valence
2026-04-02 18:00:15,288 [INFO]     Tel: 04 75 41 82 00 | Site: https://www.eurex.fr/experts-comptables/valence/?utm_source=gmb&utm_medium=organic&utm_campaign=valence-comptable
2026-04-02 18:00:15,288 [INFO]     Adresse: 34 Rue du Dr Abel, 26000 Valence
2026-04-02 18:00:15,288 [INFO]     Note: 5.0/5 (22 avis)
2026-04-02 18:00:15,429 [INFO]     Lead deja existant (doublon Supabase): Eurex Expert Comptable Valence
2026-04-02 18:00:25,185 [INFO]     Email: - | Socials: facebookUrl, linkedinUrl
2026-04-02 18:00:28,904 [INFO]   [3/57] CERFRANCE Valence | Expert Comptable
2026-04-02 18:00:28,904 [INFO]     Tel: 04 75 78 11 11 | Site: https://cerfrance-dp.fr/nos-agences-en-isere-drome-vaucluse/agence-cerfrance-de-valence/
2026-04-02 18:00:28,904 [INFO]     Adresse: 42 B Av. des Langories, 26000 Valence
2026-04-02 18:00:28,904 [INFO]     Note: 4.0/5 (16 avis)
2026-04-02 18:00:29,015 [INFO]     Lead deja existant (doublon Supabase): CERFRANCE Valence | Expert Comptable
2026-04-02 18:00:29,738 [INFO]     Email: contact@38.cerfrance.fr | Socials: facebookUrl, linkedinUrl, instagramUrl
2026-04-02 18:00:33,310 [INFO]   [4/57] Expert-comptable FOURNIER & VIGNERON Valence
2026-04-02 18:00:33,310 [INFO]     Tel: 04 75 78 12 52 | Site: https://www.expertcomptable-valence.fr/
2026-04-02 18:00:33,310 [INFO]     Adresse: 1 Av. Jean Monnet, 26000 Valence
2026-04-02 18:00:33,310 [INFO]     Note: 5.0/5 (1 avis)
2026-04-02 18:00:33,490 [INFO]     Lead deja existant (doublon Supabase): Expert-comptable FOURNIER & VIGNERON Valence
2026-04-02 18:00:33,586 [INFO]     Email: - | Socials: -
2026-04-02 18:00:37,139 [INFO]   [5/57] In Extenso Valence
2026-04-02 18:00:37,140 [INFO]     Tel: 04 75 58 74 01 | Site: https://www.inextenso.fr/agence/expert-comptable-valence/
2026-04-02 18:00:37,140 [INFO]     Adresse: ZI de Briffaut Est, 37 Av. Jean Monnet, 26000 Valence
2026-04-02 18:00:37,140 [INFO]     Note: 4.1/5 (17 avis)
2026-04-02 18:00:37,242 [INFO]     Lead deja existant (doublon Supabase): In Extenso Valence
2026-04-02 18:00:37,389 [INFO]     Email: flags@2x.png | Socials: facebookUrl, xUrl, linkedinUrl, instagramUrl
2026-04-02 18:00:41,792 [WARNING]     Failed to update enrichment: 409 Client Error: Conflict for url: https://mtvalzmtksnylhckrjze.supabase.co/rest/v1/leads?phone=eq.04%2075%2058%2074%2001
2026-04-02 18:00:46,106 [INFO]   [6/57] Arbel Expertise Comptable
2026-04-02 18:00:46,106 [INFO]     Tel: 04 75 25 89 82 | Site: http://expertcomptableavalence.site-solocal.com/
2026-04-02 18:00:46,106 [INFO]     Adresse: 42 Av. des Langories C, 26000 Valence
2026-04-02 18:00:46,106 [INFO]     Note: 5.0/5 (1 avis)
2026-04-02 18:00:46,220 [INFO]     Lead deja existant (doublon Supabase): Arbel Expertise Comptable
2026-04-02 18:00:46,380 [INFO]     Email: - | Socials: -
2026-04-02 18:00:50,901 [INFO]   [7/57] FIDUCIAL Expertise Valence
2026-04-02 18:00:50,901 [INFO]     Tel: 04 75 56 70 38 | Site: https://agences.fiducial.fr/FIDUCIAL-Expertise-Valence
2026-04-02 18:00:50,901 [INFO]     Adresse: 83 Rue Pierre Corneille, 26000 Valence
2026-04-02 18:00:50,901 [INFO]     Note: 4.7/5 (29 avis)
2026-04-02 18:00:50,986 [INFO]     Lead deja existant (doublon Supabase): FIDUCIAL Expertise Valence
2026-04-02 18:00:51,558 [INFO]     Email: - | Socials: -
2026-04-02 18:00:55,119 [INFO]   [8/57] TALENZ ARES - RM CONSULTANTS
2026-04-02 18:00:55,120 [INFO]     Tel: 04 75 78 44 78 | Site: https://www.talenz.fr/talenz-ares/bureaux/valence/
2026-04-02 18:00:55,120 [INFO]     Adresse: 36 Rue Jean Jullien Davin, 26000 Valence
2026-04-02 18:00:55,120 [INFO]     Note: 4.7/5 (13 avis)
2026-04-02 18:00:55,266 [INFO]     Lead deja existant (doublon Supabase): TALENZ ARES - RM CONSULTANTS
2026-04-02 18:01:04,370 [INFO]     Email: contact@talenz.fr | Socials: linkedinUrl
2026-04-02 18:01:08,047 [INFO]   [9/57] CGMA
2026-04-02 18:01:08,047 [INFO]     Tel: 04 75 86 15 10 | Site: https://www.cgma26.fr/
2026-04-02 18:01:08,048 [INFO]     Adresse: 47 Rue Léon Gaumont, 26000 Valence
2026-04-02 18:01:08,048 [INFO]     Note: 4.9/5 (21 avis)
2026-04-02 18:01:08,171 [INFO]     Lead deja existant (doublon Supabase): CGMA
2026-04-02 18:01:09,451 [INFO]     Email: contact@logia-inc.com | Socials: facebookUrl, linkedinUrl
2026-04-02 18:01:13,022 [INFO]   [10/57] Cabinet Eric Martin
2026-04-02 18:01:13,022 [INFO]     Tel: 04 75 42 02 17 | Site: -
2026-04-02 18:01:13,022 [INFO]     Adresse: 42 Av. des Langories, 26000 Valence
2026-04-02 18:01:13,022 [INFO]     Note: 4.7/5 (3 avis)
2026-04-02 18:01:13,186 [INFO]     Lead deja existant (doublon Supabase): Cabinet Eric Martin
2026-04-02 18:01:13,186 [INFO]     Email: - (pas de site web)
2026-04-02 18:01:15,996 [INFO]   [11/57] implid
2026-04-02 18:01:15,996 [INFO]     Tel: 04 75 06 06 77 | Site: https://www.implid.com/bureau/votre-expert-comptable-valence?utm_source=google&utm_medium=organic&utm_campaign=gmb-fiche&utm_content=fiche-gmb-Valence&utm_term=
2026-04-02 18:01:15,996 [INFO]     Adresse: 12 Av. des Langories, 26000 Valence
2026-04-02 18:01:15,996 [INFO]     Note: 1.5/5 (8 avis)
2026-04-02 18:01:16,099 [INFO]     Lead deja existant (doublon Supabase): implid
2026-04-02 18:01:16,450 [INFO]     Email: valence@implid.com | Socials: facebookUrl, xUrl, linkedinUrl, instagramUrl
2026-04-02 18:01:17,159 [INFO]     Brevo: valence@implid.com ajoute aux listes [5]
2026-04-02 18:01:21,217 [INFO]   [12/57] Cabinet Fiduciaire Expert et Conseil
2026-04-02 18:01:21,217 [INFO]     Tel: 04 75 44 11 92 | Site: https://www.cfec.fr/
2026-04-02 18:01:21,217 [INFO]     Adresse: 38 Rue Paul Henri Charles Spaak, 26000 Valence
2026-04-02 18:01:21,217 [INFO]     Note: 3.0/5 (8 avis)
2026-04-02 18:01:21,386 [INFO]     Lead deja existant (doublon Supabase): Cabinet Fiduciaire Expert et Conseil
2026-04-02 18:01:21,747 [INFO]     Email: - | Socials: facebookUrl, linkedinUrl
2026-04-02 18:01:27,456 [INFO]   [13/57] Experts comptables
2026-04-02 18:01:27,456 [INFO]     Tel: - | Site: -
2026-04-02 18:01:27,456 [INFO]     Adresse: 26000 Valence
2026-04-02 18:01:27,456 [INFO]     Note: -
2026-04-02 18:01:27,601 [INFO]     Lead pousse dans Supabase: Experts comptables
2026-04-02 18:01:27,602 [INFO]     Email: - (pas de site web)
2026-04-02 18:01:31,630 [INFO]   [14/57] SARL DOFIGEST
2026-04-02 18:01:31,630 [INFO]     Tel: 04 82 85 47 90 | Site: http://dofigest.fr/
2026-04-02 18:01:31,630 [INFO]     Adresse: 136 Chem. des Huguenots, 26000 Valence
2026-04-02 18:01:31,630 [INFO]     Note: 5.0/5 (2 avis)
2026-04-02 18:01:31,746 [INFO]     Lead deja existant (doublon Supabase): SARL DOFIGEST
2026-04-02 18:01:32,221 [INFO]     Email: - | Socials: -
2026-04-02 18:01:35,622 [INFO]   [15/57] In Extenso Portes lès Valence
2026-04-02 18:01:35,622 [INFO]     Tel: 04 75 61 36 50 | Site: https://www.inextenso.fr/agence/expert-comptable-portes-les-valence/
2026-04-02 18:01:35,623 [INFO]     Adresse: 236 Rue Albert Einstein, 26800 Portes-lès-Valence
2026-04-02 18:01:35,623 [INFO]     Note: 5.0/5 (4 avis)
2026-04-02 18:01:35,790 [INFO]     Lead deja existant (doublon Supabase): In Extenso Portes lès Valence
2026-04-02 18:01:35,990 [INFO]     Email: flags@2x.png | Socials: facebookUrl, xUrl, linkedinUrl, instagramUrl
2026-04-02 18:01:40,265 [WARNING]     Failed to update enrichment: 409 Client Error: Conflict for url: https://mtvalzmtksnylhckrjze.supabase.co/rest/v1/leads?phone=eq.04%2075%2061%2036%2050
2026-04-02 18:01:44,223 [INFO]   [16/57] 2 CARA
2026-04-02 18:01:44,223 [INFO]     Tel: 04 75 81 83 19 | Site: https://www.welinkaccountants.fr/expert-comptable/commissaire-aux-comptes/26000-valence-france/2-cara-24112
2026-04-02 18:01:44,223 [INFO]     Adresse: 28 Rue Jean Jullien Davin, 26000 Valence
2026-04-02 18:01:44,223 [INFO]     Note: 5.0/5 (5 avis)
2026-04-02 18:01:44,355 [INFO]     Lead deja existant (doublon Supabase): 2 CARA
2026-04-02 18:01:47,043 [INFO]     Email: - | Socials: -
2026-04-02 18:01:50,988 [INFO]   [17/57] FDA Consultants
2026-04-02 18:01:50,988 [INFO]     Tel: 04 75 43 64 33 | Site: http://fdaconsultants.fr/
2026-04-02 18:01:50,988 [INFO]     Adresse: 17 Rue Balzac, 26000 Valence
2026-04-02 18:01:50,988 [INFO]     Note: 5.0/5 (10 avis)
2026-04-02 18:01:51,183 [INFO]     Lead deja existant (doublon Supabase): FDA Consultants
2026-04-02 18:01:51,705 [INFO]     Email: sachet.olivier@fdaconsultants.fr | Socials: linkedinUrl
2026-04-02 18:01:52,275 [INFO]     Brevo: sachet.olivier@fdaconsultants.fr ajoute aux listes [5]
2026-04-02 18:01:56,014 [INFO]   [18/57] SERRE Expertise Comptable
2026-04-02 18:01:56,014 [INFO]     Tel: 04 75 81 87 07 | Site: http://cabinetserre.com/
2026-04-02 18:01:56,014 [INFO]     Adresse: 370 Av. de Chabeuil, 26000 Valence
2026-04-02 18:01:56,014 [INFO]     Note: 5.0/5 (5 avis)
2026-04-02 18:01:56,151 [INFO]     Lead deja existant (doublon Supabase): SERRE Expertise Comptable
2026-04-02 18:01:56,602 [INFO]     Email: contact@cabinetserre.fr | Socials: -
2026-04-02 18:02:02,613 [INFO]   [19/57] RYDGE Conseil - Valence
2026-04-02 18:02:02,614 [INFO]     Tel: 04 75 41 89 89 | Site: https://www.rydge.fr/cabinet-expert-comptable/expert-comptable-valence-26000
2026-04-02 18:02:02,614 [INFO]     Adresse: 49 Av. des Langories, 26000 Valence
2026-04-02 18:02:02,614 [INFO]     Note: -
2026-04-02 18:02:02,736 [INFO]     Lead deja existant (doublon Supabase): RYDGE Conseil - Valence
2026-04-02 18:02:03,551 [INFO]     Email: privacy@rydge.fr | Socials: linkedinUrl, instagramUrl
2026-04-02 18:02:07,825 [WARNING]     Failed to update enrichment: 409 Client Error: Conflict for url: https://mtvalzmtksnylhckrjze.supabase.co/rest/v1/leads?phone=eq.04%2075%2041%2089%2089
2026-04-02 18:02:08,177 [INFO]     Brevo: privacy@rydge.fr ajoute aux listes [5]
2026-04-02 18:02:12,224 [INFO]   [20/57] Audit Conseil
2026-04-02 18:02:12,225 [INFO]     Tel: 04 75 83 11 11 | Site: https://www.auditconseil-expertcomptable.fr/
2026-04-02 18:02:12,225 [INFO]     Adresse: 8 Av. Jean Monnet, 26000 Valence
2026-04-02 18:02:12,225 [INFO]     Note: 5.0/5 (1 avis)
2026-04-02 18:02:12,329 [INFO]     Lead deja existant (doublon Supabase): Audit Conseil
2026-04-02 18:02:14,243 [INFO]     Email: picto_AC@2x-8-150x150.png | Socials: -
2026-04-02 18:02:17,201 [INFO]   [21/57] In Extenso Portes lès Valence
2026-04-02 18:02:17,201 [INFO]     Tel: 04 75 61 36 50 | Site: https://www.inextenso.fr/agence/expert-comptable-portes-les-valence/
2026-04-02 18:02:17,202 [INFO]     Adresse: 236 Rue Albert Einstein, 26800 Portes-lès-Valence
2026-04-02 18:02:17,202 [INFO]     Note: 5.0/5 (4 avis)
2026-04-02 18:02:17,362 [INFO]     Lead deja existant (doublon Supabase): In Extenso Portes lès Valence
2026-04-02 18:02:17,447 [INFO]     Email: flags@2x.png | Socials: facebookUrl, xUrl, linkedinUrl, instagramUrl
2026-04-02 18:02:21,752 [WARNING]     Failed to update enrichment: 409 Client Error: Conflict for url: https://mtvalzmtksnylhckrjze.supabase.co/rest/v1/leads?phone=eq.04%2075%2061%2036%2050
2026-04-02 18:02:26,773 [INFO]   [22/57] Cabinet Guigard Veyret
2026-04-02 18:02:26,773 [INFO]     Tel: 04 75 41 98 98 | Site: -
2026-04-02 18:02:26,773 [INFO]     Adresse: 16 Rue Paul Henri Charles Spaak, 26000 Valence
2026-04-02 18:02:26,773 [INFO]     Note: -
2026-04-02 18:02:26,890 [INFO]     Lead deja existant (doublon Supabase): Cabinet Guigard Veyret
2026-04-02 18:02:26,890 [INFO]     Email: - (pas de site web)
2026-04-02 18:02:30,517 [INFO]   [23/57] FIDSUD Valence
2026-04-02 18:02:30,517 [INFO]     Tel: 04 75 78 48 00 | Site: https://fidsud.fr/agences/fidsud-valence/
2026-04-02 18:02:30,517 [INFO]     Adresse: 36 Rue Paul Henri Charles Spaak, 26000 Valence
2026-04-02 18:02:30,517 [INFO]     Note: 4.8/5 (24 avis)
2026-04-02 18:02:30,657 [INFO]     Lead deja existant (doublon Supabase): FIDSUD Valence
2026-04-02 18:02:31,778 [INFO]     Email: valence@fidsud.fr | Socials: facebookUrl, linkedinUrl, instagramUrl
2026-04-02 18:02:32,729 [INFO]     Brevo: valence@fidsud.fr ajoute aux listes [5]
2026-04-02 18:02:35,701 [INFO]   [24/57] Audit Conseil
2026-04-02 18:02:35,701 [INFO]     Tel: 04 75 83 11 11 | Site: https://www.auditconseil-expertcomptable.fr/
2026-04-02 18:02:35,701 [INFO]     Adresse: 8 Av. Jean Monnet, 26000 Valence
2026-04-02 18:02:35,701 [INFO]     Note: 5.0/5 (1 avis)
2026-04-02 18:02:35,972 [INFO]     Lead deja existant (doublon Supabase): Audit Conseil
2026-04-02 18:02:37,464 [INFO]     Email: picto_AC@2x-8-150x150.png | Socials: -
2026-04-02 18:02:41,479 [INFO]   [25/57] Cabinet Roumezin
2026-04-02 18:02:41,479 [INFO]     Tel: 04 75 78 49 39 | Site: http://www.cabinet-roumezin.fr/
2026-04-02 18:02:41,479 [INFO]     Adresse: 48 Av. Marc Urtin, 26500 Bourg-lès-Valence
2026-04-02 18:02:41,479 [INFO]     Note: 3.7/5 (3 avis)
2026-04-02 18:02:41,581 [INFO]     Lead deja existant (doublon Supabase): Cabinet Roumezin
2026-04-02 18:02:42,447 [INFO]     Email: secretariat@cabinet-roumezin.fr | Socials: -
2026-04-02 18:02:43,272 [INFO]     Brevo: secretariat@cabinet-roumezin.fr ajoute aux listes [5]
2026-04-02 18:02:46,440 [INFO]   [26/57] implid
2026-04-02 18:02:46,440 [INFO]     Tel: 04 75 06 06 77 | Site: https://www.implid.com/bureau/votre-expert-comptable-valence?utm_source=google&utm_medium=organic&utm_campaign=gmb-fiche&utm_content=fiche-gmb-Valence&utm_term=
2026-04-02 18:02:46,440 [INFO]     Adresse: 12 Av. des Langories, 26000 Valence
2026-04-02 18:02:46,440 [INFO]     Note: 1.5/5 (8 avis)
2026-04-02 18:02:46,552 [INFO]     Lead deja existant (doublon Supabase): implid
2026-04-02 18:02:46,752 [INFO]     Email: valence@implid.com | Socials: facebookUrl, xUrl, linkedinUrl, instagramUrl
2026-04-02 18:02:50,396 [INFO]   [27/57] Haoues Selim
2026-04-02 18:02:50,396 [INFO]     Tel: 04 75 59 50 19 | Site: -
2026-04-02 18:02:50,396 [INFO]     Adresse: 10 Pl. Arthur Rimbaud, 26000 Valence
2026-04-02 18:02:50,396 [INFO]     Note: 2.5/5 (8 avis)
2026-04-02 18:02:50,545 [INFO]     Lead deja existant (doublon Supabase): Haoues Selim
2026-04-02 18:02:50,546 [INFO]     Email: - (pas de site web)
2026-04-02 18:02:55,106 [INFO]   [28/57] Ac2e
2026-04-02 18:02:55,106 [INFO]     Tel: - | Site: -
2026-04-02 18:02:55,106 [INFO]     Adresse: 360 Av. Victor Hugo, 26000 Valence
2026-04-02 18:02:55,106 [INFO]     Note: 3.7/5 (3 avis)
2026-04-02 18:02:55,256 [INFO]     Lead pousse dans Supabase: Ac2e
2026-04-02 18:02:55,256 [INFO]     Email: - (pas de site web)
2026-04-02 18:03:00,778 [INFO]   [29/57] RYDGE Conseil - Valence
2026-04-02 18:03:00,778 [INFO]     Tel: 04 75 41 89 89 | Site: https://www.rydge.fr/cabinet-expert-comptable/expert-comptable-valence-26000
2026-04-02 18:03:00,778 [INFO]     Adresse: 49 Av. des Langories, 26000 Valence
2026-04-02 18:03:00,778 [INFO]     Note: -
2026-04-02 18:03:00,892 [INFO]     Lead deja existant (doublon Supabase): RYDGE Conseil - Valence
2026-04-02 18:03:01,111 [INFO]     Email: privacy@rydge.fr | Socials: linkedinUrl, instagramUrl
2026-04-02 18:03:05,376 [WARNING]     Failed to update enrichment: 409 Client Error: Conflict for url: https://mtvalzmtksnylhckrjze.supabase.co/rest/v1/leads?phone=eq.04%2075%2041%2089%2089
2026-04-02 18:03:09,079 [INFO]   [30/57] ACR Consultants
2026-04-02 18:03:09,079 [INFO]     Tel: 04 75 82 44 50 | Site: -
2026-04-02 18:03:09,079 [INFO]     Adresse: 97 Chem. des Huguenots, 26000 Valence
2026-04-02 18:03:09,079 [INFO]     Note: 2.3/5 (3 avis)
2026-04-02 18:03:09,278 [INFO]     Lead deja existant (doublon Supabase): ACR Consultants
2026-04-02 18:03:09,279 [INFO]     Email: - (pas de site web)
2026-04-02 18:03:13,381 [INFO]   [31/57] Pretot Hugues
2026-04-02 18:03:13,477 [INFO]     Tel: 04 75 43 42 11 | Site: -
2026-04-02 18:03:13,477 [INFO]     Adresse: 4 All. Fernand Léger, 26500 Bourg-lès-Valence
2026-04-02 18:03:13,477 [INFO]     Note: 4.3/5 (4 avis)
2026-04-02 18:03:13,740 [INFO]     Lead deja existant (doublon Supabase): Pretot Hugues
2026-04-02 18:03:13,741 [INFO]     Email: - (pas de site web)
2026-04-02 18:03:18,409 [INFO]   [32/57] WE ASSO
2026-04-02 18:03:18,409 [INFO]     Tel: 04 75 55 52 76 | Site: http://www.weasso.fr/?utm_source=gmb
2026-04-02 18:03:18,409 [INFO]     Adresse: 19A Av. des Langories, 26000 Valence
2026-04-02 18:03:18,409 [INFO]     Note: 5.0/5 (5 avis)
2026-04-02 18:03:18,549 [INFO]     Lead deja existant (doublon Supabase): WE ASSO
2026-04-02 18:03:19,580 [INFO]     Email: contact@weasso.fr | Socials: facebookUrl, linkedinUrl
2026-04-02 18:03:23,417 [INFO]   [33/57] Forvis Mazars
2026-04-02 18:03:23,417 [INFO]     Tel: 04 75 78 06 74 | Site: https://www.forvismazars.com/fr/fr/offices/valence?utm_source=gmb
2026-04-02 18:03:23,418 [INFO]     Adresse: 5 Av. de Verdun, 26000 Valence
2026-04-02 18:03:23,418 [INFO]     Note: 4.3/5 (3 avis)
2026-04-02 18:03:23,530 [INFO]     Lead deja existant (doublon Supabase): Forvis Mazars
2026-04-02 18:03:23,995 [INFO]     Email: - | Socials: xUrl, linkedinUrl, instagramUrl
2026-04-02 18:03:27,884 [INFO]   [34/57] Amae
2026-04-02 18:03:27,884 [INFO]     Tel: 04 28 99 01 49 | Site: -
2026-04-02 18:03:27,884 [INFO]     Adresse: 34 rue Docteur Henri ABEL, 26000 Valence
2026-04-02 18:03:27,885 [INFO]     Note: 5.0/5 (1 avis)
2026-04-02 18:03:27,969 [INFO]     Lead deja existant (doublon Supabase): Amae
2026-04-02 18:03:27,969 [INFO]     Email: - (pas de site web)
2026-04-02 18:03:32,087 [INFO]   [35/57] CJR EXPERTISE
2026-04-02 18:03:32,088 [INFO]     Tel: 06 26 51 29 87 | Site: https://www.linkedin.com/in/cl%C3%A9mentine-rigoulet-203431259/
2026-04-02 18:03:32,088 [INFO]     Adresse: 105 Rue des Mourettes, 26000 Valence
2026-04-02 18:03:32,088 [INFO]     Note: 5.0/5 (7 avis)
2026-04-02 18:03:32,250 [INFO]     Lead deja existant (doublon Supabase): CJR EXPERTISE
2026-04-02 18:03:35,188 [INFO]     Email: - | Socials: linkedinUrl
2026-04-02 18:03:40,738 [INFO]   [36/57] Anc2
2026-04-02 18:03:40,738 [INFO]     Tel: 04 75 33 11 11 | Site: https://anc2-expertise.fr/
2026-04-02 18:03:40,738 [INFO]     Adresse: 4 Rue Georges Auric, 26000 Valence
2026-04-02 18:03:40,738 [INFO]     Note: -
2026-04-02 18:03:40,855 [INFO]     Lead deja existant (doublon Supabase): Anc2
2026-04-02 18:03:40,952 [INFO]     Email: contact@anc2-expertise.fr | Socials: linkedinUrl
2026-04-02 18:03:44,896 [INFO]   [37/57] Eurex Paie et Conseil RH Valence
2026-04-02 18:03:44,896 [INFO]     Tel: 04 75 74 14 84 | Site: https://www.eurex.fr/experts-comptables/valence/?utm_source=gmb&utm_medium=organic&utm_campaign=valence-paie
2026-04-02 18:03:44,896 [INFO]     Adresse: 34 Rue du Dr Abel, 26000 Valence
2026-04-02 18:03:44,896 [INFO]     Note: 5.0/5 (2 avis)
2026-04-02 18:03:44,976 [INFO]     Lead deja existant (doublon Supabase): Eurex Paie et Conseil RH Valence
2026-04-02 18:03:46,504 [INFO]     Email: contact@eurex.fr | Socials: facebookUrl, linkedinUrl
2026-04-02 18:03:50,821 [WARNING]     Failed to update enrichment: 409 Client Error: Conflict for url: https://mtvalzmtksnylhckrjze.supabase.co/rest/v1/leads?phone=eq.04%2075%2074%2014%2084
2026-04-02 18:03:57,288 [INFO]   [38/57] Fiduval
2026-04-02 18:03:57,288 [INFO]     Tel: 04 75 78 58 30 | Site: -
2026-04-02 18:03:57,288 [INFO]     Adresse: 101 Chem. des Huguenots, 26000 Valence
2026-04-02 18:03:57,289 [INFO]     Note: -
2026-04-02 18:03:57,389 [INFO]     Lead deja existant (doublon Supabase): Fiduval
2026-04-02 18:03:57,390 [INFO]     Email: - (pas de site web)
2026-04-02 18:04:01,103 [INFO]   [39/57] ABEX Conseil
2026-04-02 18:04:01,104 [INFO]     Tel: 04 75 25 78 94 | Site: http://www.abex-conseil.fr/
2026-04-02 18:04:01,104 [INFO]     Adresse: 7 Rte de Valence, 26760 Beaumont-lès-Valence
2026-04-02 18:04:01,104 [INFO]     Note: 3.7/5 (3 avis)
2026-04-02 18:04:01,242 [INFO]     Lead deja existant (doublon Supabase): ABEX Conseil
2026-04-02 18:04:01,890 [INFO]     Email: contact@abex-conseil.fr | Socials: facebookUrl, xUrl, instagramUrl
2026-04-02 18:04:05,713 [INFO]   [40/57] Compt'à la carte Valence
2026-04-02 18:04:05,713 [INFO]     Tel: 06 33 55 76 65 | Site: -
2026-04-02 18:04:05,713 [INFO]     Adresse: Valence, 362 D7, 26000 Valence
2026-04-02 18:04:05,713 [INFO]     Note: 1.0/5 (1 avis)
2026-04-02 18:04:05,883 [INFO]     Lead deja existant (doublon Supabase): Compt'à la carte Valence
2026-04-02 18:04:05,883 [INFO]     Email: - (pas de site web)
2026-04-02 18:04:08,995 [INFO]   [41/57] FIDUCIAL Expertise Valence
2026-04-02 18:04:08,997 [INFO]     Tel: 04 75 56 70 38 | Site: https://agences.fiducial.fr/FIDUCIAL-Expertise-Valence
2026-04-02 18:04:08,997 [INFO]     Adresse: 83 Rue Pierre Corneille, 26000 Valence
2026-04-02 18:04:08,997 [INFO]     Note: 4.7/5 (29 avis)
2026-04-02 18:04:09,274 [INFO]     Lead deja existant (doublon Supabase): FIDUCIAL Expertise Valence
2026-04-02 18:04:10,140 [INFO]     Email: - | Socials: -
2026-04-02 18:04:16,282 [INFO]   [42/57] AGC CEGAR - Sud - Valence - Comptabilité, expertise, gestion agricole et rurale
2026-04-02 18:04:16,282 [INFO]     Tel: 04 75 80 12 67 | Site: https://cegar.fr/
2026-04-02 18:04:16,282 [INFO]     Adresse: 1 Pl. Fernand Pouillon, 26000 Valence
2026-04-02 18:04:16,282 [INFO]     Note: -
2026-04-02 18:04:16,388 [INFO]     Lead deja existant (doublon Supabase): AGC CEGAR - Sud - Valence - Comptabilité, expertise, gestion agricole et rurale
2026-04-02 18:04:16,769 [INFO]     Email: - | Socials: -
2026-04-02 18:04:22,833 [INFO]   [43/57] Création Reprise Valence
2026-04-02 18:04:22,833 [INFO]     Tel: 04 75 58 74 01 | Site: https://www.inextenso.fr/agence/expert-comptable-valence/
2026-04-02 18:04:22,833 [INFO]     Adresse: ZI de Briffaut Est, 37 Av. Jean Monnet, 26000 Valence
2026-04-02 18:04:22,833 [INFO]     Note: -
2026-04-02 18:04:22,942 [INFO]     Lead deja existant (doublon Supabase): Création Reprise Valence
2026-04-02 18:04:23,027 [INFO]     Email: flags@2x.png | Socials: facebookUrl, xUrl, linkedinUrl, instagramUrl
2026-04-02 18:04:27,303 [WARNING]     Failed to update enrichment: 409 Client Error: Conflict for url: https://mtvalzmtksnylhckrjze.supabase.co/rest/v1/leads?phone=eq.04%2075%2058%2074%2001
2026-04-02 18:04:34,168 [INFO]   [44/57] Comptabilité, Expertise, Gestion Agricole et Rurale
2026-04-02 18:04:34,168 [INFO]     Tel: 04 75 80 12 67 | Site: https://www.cegar.fr/
2026-04-02 18:04:34,168 [INFO]     Adresse: 1 Pl. Fernand Pouillon, 26000 Valence
2026-04-02 18:04:34,168 [INFO]     Note: -
2026-04-02 18:04:34,268 [INFO]     Lead deja existant (doublon Supabase): Comptabilité, Expertise, Gestion Agricole et Rurale
2026-04-02 18:04:34,572 [INFO]     Email: - | Socials: -
2026-04-02 18:04:40,489 [INFO]   [45/57] A.G.C CECOGETI Association de Gestion et de Comptabilité
2026-04-02 18:04:40,489 [INFO]     Tel: 04 75 81 19 82 | Site: http://www.cecogeti.fr/
2026-04-02 18:04:40,489 [INFO]     Adresse: 6 Pl. Arthur Rimbaud, 26000 Valence
2026-04-02 18:04:40,489 [INFO]     Note: -
2026-04-02 18:04:40,607 [INFO]     Lead deja existant (doublon Supabase): A.G.C CECOGETI Association de Gestion et de Comptabilité
2026-04-02 18:04:41,475 [INFO]     Email: montelimar@cecogeti.fr | Socials: facebookUrl, xUrl, linkedinUrl
2026-04-02 18:04:42,926 [INFO]     Brevo: montelimar@cecogeti.fr ajoute aux listes [5]
2026-04-02 18:04:49,052 [INFO]   [46/57] Ariane Sud
2026-04-02 18:04:49,052 [INFO]     Tel: 04 75 40 70 19 | Site: -
2026-04-02 18:04:49,052 [INFO]     Adresse: 98 Bis Av. Victor Hugo, 26000 Valence
2026-04-02 18:04:49,052 [INFO]     Note: -
2026-04-02 18:04:49,156 [INFO]     Lead deja existant (doublon Supabase): Ariane Sud
2026-04-02 18:04:49,156 [INFO]     Email: - (pas de site web)
2026-04-02 18:04:55,798 [INFO]   [47/57] Cabinet Haoues Et Laterrade
2026-04-02 18:04:55,798 [INFO]     Tel: - | Site: -
2026-04-02 18:04:55,798 [INFO]     Adresse: 16 Pl. Arthur Rimbaud, 26000 Valence
2026-04-02 18:04:55,798 [INFO]     Note: -
2026-04-02 18:04:55,906 [INFO]     Lead pousse dans Supabase: Cabinet Haoues Et Laterrade
2026-04-02 18:04:55,907 [INFO]     Email: - (pas de site web)
2026-04-02 18:05:01,766 [INFO]   [48/57] Cabinet Jacques Rey
2026-04-02 18:05:01,766 [INFO]     Tel: 04 75 55 44 78 | Site: -
2026-04-02 18:05:01,766 [INFO]     Adresse: Rue Paul Henri Charles Spaak, 26000 Valence
2026-04-02 18:05:01,766 [INFO]     Note: -
2026-04-02 18:05:01,873 [INFO]     Lead deja existant (doublon Supabase): Cabinet Jacques Rey
2026-04-02 18:05:01,873 [INFO]     Email: - (pas de site web)
2026-04-02 18:05:05,110 [INFO]   [49/57] E3C Consulting
2026-04-02 18:05:05,110 [INFO]     Tel: 04 75 59 47 33 | Site: https://www.e3c-consulting.net/
2026-04-02 18:05:05,110 [INFO]     Adresse: 38 Rue Paul Henri Charles Spaak, 26000 Valence
2026-04-02 18:05:05,110 [INFO]     Note: 5.0/5 (5 avis)
2026-04-02 18:05:05,374 [INFO]     Lead deja existant (doublon Supabase): E3C Consulting
2026-04-02 18:05:05,608 [INFO]     Email: Contact@e3c-consulting.fr | Socials: -
2026-04-02 18:05:11,874 [INFO]   [50/57] AAC Externum
2026-04-02 18:05:11,874 [INFO]     Tel: 06 30 68 90 94 | Site: -
2026-04-02 18:05:11,874 [INFO]     Adresse: 20 Rue Georges Guynemer, 26000 Valence
2026-04-02 18:05:11,874 [INFO]     Note: -
2026-04-02 18:05:11,987 [INFO]     Lead deja existant (doublon Supabase): AAC Externum
2026-04-02 18:05:11,987 [INFO]     Email: - (pas de site web)
2026-04-02 18:05:17,731 [INFO]   [51/57] Création Reprise Portes-lès-Valence
2026-04-02 18:05:17,731 [INFO]     Tel: 04 75 61 36 50 | Site: https://www.inextenso.fr/agence/expert-comptable-portes-les-valence/
2026-04-02 18:05:17,731 [INFO]     Adresse: 236 Rue Albert Einstein, 26800 Portes-lès-Valence
2026-04-02 18:05:17,731 [INFO]     Note: -
2026-04-02 18:05:17,827 [INFO]     Lead deja existant (doublon Supabase): Création Reprise Portes-lès-Valence
2026-04-02 18:05:17,914 [INFO]     Email: flags@2x.png | Socials: facebookUrl, xUrl, linkedinUrl, instagramUrl
2026-04-02 18:05:22,189 [WARNING]     Failed to update enrichment: 409 Client Error: Conflict for url: https://mtvalzmtksnylhckrjze.supabase.co/rest/v1/leads?phone=eq.04%2075%2061%2036%2050
2026-04-02 18:05:25,734 [INFO]   [52/57] AUDITEO Audit & Conseils
2026-04-02 18:05:25,734 [INFO]     Tel: 07 86 89 29 88 | Site: https://fr.linkedin.com/company/auditeo-audit-conseils
2026-04-02 18:05:25,734 [INFO]     Adresse: 19a Av. des Langories, 26000 Valence
2026-04-02 18:05:25,734 [INFO]     Note: 5.0/5 (3 avis)
2026-04-02 18:05:25,824 [INFO]     Lead deja existant (doublon Supabase): AUDITEO Audit & Conseils
2026-04-02 18:05:27,475 [INFO]     Email: - | Socials: linkedinUrl
2026-04-02 18:05:33,549 [INFO]   [53/57] Devès Gilles
2026-04-02 18:05:33,549 [INFO]     Tel: 04 75 43 19 19 | Site: -
2026-04-02 18:05:33,549 [INFO]     Adresse: 7 Bd Bancel, 26000 Valence
2026-04-02 18:05:33,550 [INFO]     Note: -
2026-04-02 18:05:33,667 [INFO]     Lead deja existant (doublon Supabase): Devès Gilles
2026-04-02 18:05:33,668 [INFO]     Email: - (pas de site web)
2026-04-02 18:05:39,480 [INFO]   [54/57] Youqo
2026-04-02 18:05:39,481 [INFO]     Tel: 04 75 81 83 83 | Site: https://www.youqo.fr/
2026-04-02 18:05:39,481 [INFO]     Adresse: 21 Rue Jean Bertin, 26000 Valence
2026-04-02 18:05:39,481 [INFO]     Note: -
2026-04-02 18:05:39,588 [INFO]     Lead pousse dans Supabase: Youqo
2026-04-02 18:05:39,828 [INFO]     Email: contact@youqo.fr | Socials: -
2026-04-02 18:05:45,761 [INFO]   [55/57] Endrix
2026-04-02 18:05:45,761 [INFO]     Tel: 04 74 56 72 97 | Site: https://www.endrix.com/nos-agences/endrix-valence/
2026-04-02 18:05:45,761 [INFO]     Adresse: 169 Av. Victor Hugo, 26000 Valence
2026-04-02 18:05:45,761 [INFO]     Note: -
2026-04-02 18:05:45,878 [INFO]     Lead deja existant (doublon Supabase): Endrix
2026-04-02 18:05:47,488 [INFO]     Email: email@exemple.com | Socials: facebookUrl, xUrl, linkedinUrl, instagramUrl
2026-04-02 18:05:51,801 [WARNING]     Failed to update enrichment: 409 Client Error: Conflict for url: https://mtvalzmtksnylhckrjze.supabase.co/rest/v1/leads?phone=eq.04%2074%2056%2072%2097
2026-04-02 18:05:52,091 [INFO]     Brevo: email@exemple.com ajoute aux listes [5]
2026-04-02 18:05:55,793 [INFO]   [56/57] AFE GUILHERAND GRANGES , Audit Finance Expert
2026-04-02 18:05:55,795 [INFO]     Tel: 04 75 41 10 19 | Site: https://www.experts-afe.fr/
2026-04-02 18:05:55,795 [INFO]     Adresse: 145 Rue Gustave Eiffel, 07500 Guilherand-Granges
2026-04-02 18:05:55,795 [INFO]     Note: 5.0/5 (12 avis)
2026-04-02 18:05:55,935 [INFO]     Lead deja existant (doublon Supabase): AFE GUILHERAND GRANGES , Audit Finance Expert
2026-04-02 18:06:00,892 [INFO]     Email: - | Socials: facebookUrl, linkedinUrl, instagramUrl
2026-04-02 18:06:08,214 [INFO]   [57/57] Khaddar Ahmed
2026-04-02 18:06:08,214 [INFO]     Tel: 04 75 83 11 11 | Site: -
2026-04-02 18:06:08,214 [INFO]     Adresse: 8 Av. Jean Monnet, 26000 Valence
2026-04-02 18:06:08,214 [INFO]     Note: -
2026-04-02 18:06:08,575 [INFO]     Lead deja existant (doublon Supabase): Khaddar Ahmed
2026-04-02 18:06:08,576 [INFO]     Email: - (pas de site web)
2026-04-02 18:06:09,400 [INFO]   RESULTAT: 57/57 leads extraits pour Valence
2026-04-02 18:06:11,453 [INFO]   [Moissac] Scraping...
2026-04-02 18:06:11,455 [INFO]   URL: https://www.google.com/maps/search/Experts-comptables+Moissac
2026-04-02 18:06:11,456 [INFO]   Chargement de Google Maps...
2026-04-02 18:06:36,856 [INFO]   Scroll pour charger toutes les cards...
2026-04-02 18:06:40,036 [INFO]   Fin de liste apres 6 scrolls (8 cards)
2026-04-02 18:06:40,055 [INFO]   8 cards trouvees
2026-04-02 18:06:44,582 [INFO]   [1/8] FIDUCIE CONSULTANTS Expert-comptable Moissac
2026-04-02 18:06:44,583 [INFO]     Tel: 05 63 04 95 78 | Site: https://fiducie.fr/
2026-04-02 18:06:44,583 [INFO]     Adresse: 32 Av. Victor Hugo, 82200 Moissac
2026-04-02 18:06:44,583 [INFO]     Note: 4.9/5 (78 avis)
2026-04-02 18:06:44,778 [INFO]     Lead deja existant (doublon Supabase): FIDUCIE CONSULTANTS Expert-comptable Moissac
2026-04-02 18:06:45,647 [INFO]     Email: contact@fiducie.fr | Socials: facebookUrl, linkedinUrl
2026-04-02 18:06:50,587 [INFO]   [2/8] FIDUCIAL Expertise Moissac
2026-04-02 18:06:50,587 [INFO]     Tel: 05 63 04 19 65 | Site: https://agences.fiducial.fr/FIDUCIAL-Expertise-Moissac
2026-04-02 18:06:50,587 [INFO]     Adresse: 39 Av. du Chasselas, 82200 Moissac
2026-04-02 18:06:50,587 [INFO]     Note: 4.5/5 (8 avis)
2026-04-02 18:06:50,726 [INFO]     Lead deja existant (doublon Supabase): FIDUCIAL Expertise Moissac
2026-04-02 18:06:51,173 [INFO]     Email: - | Socials: -
2026-04-02 18:06:56,674 [INFO]   [3/8] Sodecal Expert-comptable Moissac
2026-04-02 18:06:56,675 [INFO]     Tel: 05 63 04 15 75 | Site: http://www.sodecal.fr/
2026-04-02 18:06:56,675 [INFO]     Adresse: 2 Rue Daubasse, 82200 Moissac
2026-04-02 18:06:56,675 [INFO]     Note: -
2026-04-02 18:06:56,788 [INFO]     Lead deja existant (doublon Supabase): Sodecal Expert-comptable Moissac
2026-04-02 18:06:59,842 [INFO]     Email: contact@sodecal.fr | Socials: facebookUrl, xUrl, linkedinUrl
2026-04-02 18:07:03,067 [INFO]   [4/8] CERFRANCE GARONNE ET TARN - Agence Moissac
2026-04-02 18:07:03,068 [INFO]     Tel: 05 63 04 04 44 | Site: https://garonne-et-tarn.cerfrance.fr/nos-agences/agence-de-moissac
2026-04-02 18:07:03,068 [INFO]     Adresse: 1 Prom. Sancert Moulin de, 82200 Moissac
2026-04-02 18:07:03,068 [INFO]     Note: 3.0/5 (2 avis)
2026-04-02 18:07:03,268 [INFO]     Lead pousse dans Supabase: CERFRANCE GARONNE ET TARN - Agence Moissac
2026-04-02 18:07:03,773 [INFO]     Email: moissac@gt.cerfrance.fr | Socials: facebookUrl, xUrl, linkedinUrl
2026-04-02 18:07:04,689 [INFO]     Brevo: moissac@gt.cerfrance.fr ajoute aux listes [5]
2026-04-02 18:07:07,534 [INFO]   [5/8] DM Conseils
2026-04-02 18:07:07,534 [INFO]     Tel: 05 63 94 08 42 | Site: https://www.dm-ec.fr/
2026-04-02 18:07:07,534 [INFO]     Adresse: 11 Rue Jean Moura, 82200 Moissac
2026-04-02 18:07:07,534 [INFO]     Note: 3.0/5 (2 avis)
2026-04-02 18:07:07,667 [INFO]     Lead pousse dans Supabase: DM Conseils
2026-04-02 18:07:08,471 [INFO]     Email: - | Socials: -
2026-04-02 18:07:11,472 [INFO]   [6/8] MBE Tarn Et Garonne
2026-04-02 18:07:11,473 [INFO]     Tel: 05 63 04 13 56 | Site: -
2026-04-02 18:07:11,473 [INFO]     Adresse: bis, 36 Av. Victor Hugo, 82200 Moissac
2026-04-02 18:07:11,473 [INFO]     Note: 2.0/5 (3 avis)
2026-04-02 18:07:11,633 [INFO]     Lead pousse dans Supabase: MBE Tarn Et Garonne
2026-04-02 18:07:11,634 [INFO]     Email: - (pas de site web)
2026-04-02 18:07:17,548 [INFO]   [7/8] Albex Expertise Comptable
2026-04-02 18:07:17,548 [INFO]     Tel: 05 63 04 00 90 | Site: https://www.albex-ec.fr/
2026-04-02 18:07:17,549 [INFO]     Adresse: 46 Bd Pierre Delbrel, 82200 Moissac
2026-04-02 18:07:17,549 [INFO]     Note: -
2026-04-02 18:07:17,660 [INFO]     Lead pousse dans Supabase: Albex Expertise Comptable
2026-04-02 18:07:19,884 [INFO]     Email: - | Socials: -
2026-04-02 18:07:25,505 [INFO]   [8/8] POLE SUD MOISSAC
2026-04-02 18:07:25,505 [INFO]     Tel: 05 63 04 00 90 | Site: http://www.pole-sud.com/
2026-04-02 18:07:25,505 [INFO]     Adresse: 19 Pl. des Palmiers, 82200 Moissac
2026-04-02 18:07:25,505 [INFO]     Note: -
2026-04-02 18:07:25,595 [INFO]     Lead deja existant (doublon Supabase): POLE SUD MOISSAC
2026-04-02 18:07:28,643 [INFO]     Email: logo-pole-sud-balma-toulouse@2x.png | Socials: facebookUrl, linkedinUrl, instagramUrl
2026-04-02 18:07:32,916 [WARNING]     Failed to update enrichment: 409 Client Error: Conflict for url: https://mtvalzmtksnylhckrjze.supabase.co/rest/v1/leads?phone=eq.05%2063%2004%2000%2090
2026-04-02 18:07:34,225 [INFO]   RESULTAT: 8/8 leads extraits pour Moissac
2026-04-02 18:07:36,239 [INFO]   [Caussade] Scraping...
2026-04-02 18:07:36,239 [INFO]   URL: https://www.google.com/maps/search/Experts-comptables+Caussade
2026-04-02 18:07:36,239 [INFO]   Chargement de Google Maps...
