2026-04-02 16:38:38,694 [INFO] ================================================================================
2026-04-02 16:38:38,694 [INFO] DEMARRAGE DU SCRAPING
2026-04-02 16:38:38,694 [INFO] Departements: 72, 73, 74, 75, 76, 77, 78, 79
2026-04-02 16:38:38,694 [INFO] Niches: Experts-comptables
2026-04-02 16:38:38,694 [INFO] Mode: HEADLESS
2026-04-02 16:38:38,694 [INFO] ================================================================================
2026-04-02 16:38:38,694 [INFO] Client Supabase initialise
2026-04-02 16:38:39,709 [INFO] Departement 72: 9 villes
2026-04-02 16:38:39,866 [INFO] Departement 73: 11 villes
2026-04-02 16:38:40,080 [INFO] Departement 74: 34 villes
2026-04-02 16:38:40,204 [INFO] Departement 75: 1 villes
2026-04-02 16:38:40,350 [INFO] Departement 76: 43 villes
2026-04-02 16:38:40,486 [INFO] Departement 77: 58 villes
2026-04-02 16:38:40,598 [INFO] Departement 78: 69 villes
2026-04-02 16:38:40,724 [INFO] Departement 79: 10 villes
2026-04-02 16:38:40,725 [INFO] Supabase client initialized
2026-04-02 16:38:40,725 [INFO] TOTAL: 235 combinaisons ville/niche
2026-04-02 16:38:40,726 [INFO] DEJA FAIT: 0 (skip)
2026-04-02 16:38:40,726 [INFO] A FAIRE: 235
2026-04-02 16:38:40,726 [INFO] ================================================================================
2026-04-02 16:38:40,726 [INFO] 
================================================================================
2026-04-02 16:38:40,726 [INFO] NICHE: Experts-comptables
2026-04-02 16:38:40,726 [INFO] ================================================================================
2026-04-02 16:38:40,726 [INFO] 
[1/235] Le Mans (72) - Experts-comptables
2026-04-02 16:38:40,726 [INFO]   URL: https://www.google.com/maps/search/Experts-comptables+Le+Mans
2026-04-02 16:38:40,726 [INFO]   Initialisation du navigateur...
2026-04-02 16:38:42,032 [INFO]   Chargement de Google Maps...
