2026-04-02 17:44:23,502 [INFO] ================================================================================
2026-04-02 17:44:23,502 [INFO] DEMARRAGE DU SCRAPING
2026-04-02 17:44:23,502 [INFO] Departements: 72, 73, 74, 75, 76, 77, 78, 79
2026-04-02 17:44:23,502 [INFO] Niches: Experts-comptables
2026-04-02 17:44:23,502 [INFO] Mode: HEADLESS
2026-04-02 17:44:23,502 [INFO] ================================================================================
2026-04-02 17:44:23,503 [INFO] Client Supabase initialise
2026-04-02 17:44:24,599 [INFO] Departement 72: 9 villes
2026-04-02 17:44:24,779 [INFO] Departement 73: 11 villes
2026-04-02 17:44:24,928 [INFO] Departement 74: 34 villes
2026-04-02 17:44:25,076 [INFO] Departement 75: 1 villes
2026-04-02 17:44:25,227 [INFO] Departement 76: 43 villes
2026-04-02 17:44:25,363 [INFO] Departement 77: 58 villes
2026-04-02 17:44:25,448 [INFO] Departement 78: 69 villes
2026-04-02 17:44:25,537 [INFO] Departement 79: 10 villes
2026-04-02 17:44:25,538 [INFO] Supabase client initialized
2026-04-02 17:44:25,540 [INFO] TOTAL: 235 combinaisons ville/niche
2026-04-02 17:44:25,540 [INFO] DEJA FAIT: 0 (skip)
2026-04-02 17:44:25,540 [INFO] A FAIRE: 235
2026-04-02 17:44:25,540 [INFO] ================================================================================
2026-04-02 17:44:25,540 [INFO] 
================================================================================
2026-04-02 17:44:25,541 [INFO] NICHE: Experts-comptables
2026-04-02 17:44:25,541 [INFO] ================================================================================
2026-04-02 17:44:25,541 [INFO] 
[1/235] Le Mans (72) - Experts-comptables
2026-04-02 17:44:25,541 [INFO]   URL: https://www.google.com/maps/search/Experts-comptables+Le+Mans
2026-04-02 17:44:25,541 [INFO]   Initialisation du navigateur...
2026-04-02 17:44:27,051 [INFO]   Chargement de Google Maps...
2026-04-02 17:44:29,038 [INFO]   Scroll pour charger toutes les cards...
2026-04-02 17:44:44,647 [INFO]   Fin de liste apres 21 scrolls (61 cards)
2026-04-02 17:44:44,668 [INFO]   61 cards trouvees
2026-04-02 17:44:50,244 [INFO]   [1/61] JM Comptabilité - Cabinet Comptable
2026-04-02 17:44:50,244 [INFO]     Tel: 06 67 82 04 59 | Site: https://jmcomptabilite.fr/
2026-04-02 17:44:50,244 [INFO]     Adresse: 5 Pl. de la République, 72000 Le Mans
2026-04-02 17:44:50,244 [INFO]     Note: 5.0/5 (? avis)
2026-04-02 17:44:50,473 [INFO]     Lead deja existant (doublon Supabase): JM Comptabilité - Cabinet Comptable
2026-04-02 17:44:50,587 [INFO]     Email: jmcomptabilite72@gmail.com | Socials: -
