📦 Installation de beautifulsoup4...
Collecting beautifulsoup4
  Downloading beautifulsoup4-4.14.3-py3-none-any.whl.metadata (3.8 kB)
Collecting soupsieve>=1.6.1 (from beautifulsoup4)
  Downloading soupsieve-2.8.3-py3-none-any.whl.metadata (4.6 kB)
Requirement already satisfied: typing-extensions>=4.0.0 in /usr/local/lib/python3.12/site-packages (from beautifulsoup4) (4.15.0)
Downloading beautifulsoup4-4.14.3-py3-none-any.whl (107 kB)
Downloading soupsieve-2.8.3-py3-none-any.whl (37 kB)
Installing collected packages: soupsieve, beautifulsoup4
Successfully installed beautifulsoup4-4.14.3 soupsieve-2.8.3
WARNING: Running pip as the 'root' user can result in broken permissions and conflicting behaviour with the system package manager, possibly rendering your system unusable. It is recommended to use a virtual environment instead: https://pip.pypa.io/warnings/venv. Use the --root-user-action option if you know what you are doing and want to suppress this warning.

[notice] A new release of pip is available: 25.0.1 -> 26.0.1
[notice] To update, run: pip install --upgrade pip
🕷️ SCRAPER SCI PAPPERS.FR - VERSION AMÉLIORÉE
======================================================================
🚀 Mode: PRODUCTION
📄 Pages max par date: Illimité
👁️  Mode headless: True
📧 Envoi email: Oui

📄 Nouveau fichier CSV créé: sci_data_master.csv
✅ Configuration GetSales Direct détectée (Clé API présente)

======================================================================
🚀 MODE PRODUCTION: 3 jours à scraper
======================================================================
   Jour 1: 26-03-2026
   Jour 2: 25-03-2026
   Jour 3: 24-03-2026
======================================================================

======================================================================
📅 JOUR 1/3: 26-03-2026
======================================================================
2026-03-27 00:45:29 INFO [sci_scraper] 💾 SAUVEGARDE CONFIG:
2026-03-27 00:45:29 INFO [sci_scraper]    📄 Page suivante: 1
2026-03-27 00:45:29 INFO [sci_scraper]    📅 Dates: 26-03-2026 → 26-03-2026
2026-03-27 00:45:29 INFO [sci_scraper]    🏢 Total entreprises: 0
🗓️  Filtres date: min=26-03-2026 max=26-03-2026
🔄 Page 1: https://www.pappers.fr/recherche?forme_juridique=6540&en_activite=true&date_creation_min=26-03-2026&date_creation_max=26-03-2026
